TN:
SF:src\controllers\authController.ts
FN:7,(anonymous_0)
FN:64,(anonymous_1)
FN:98,(anonymous_2)
FN:128,(anonymous_3)
FN:145,(anonymous_4)
FN:180,(anonymous_5)
FN:233,(anonymous_6)
FN:275,(anonymous_7)
FNF:8
FNH:8
FNDA:5,(anonymous_0)
FNDA:3,(anonymous_1)
FNDA:2,(anonymous_2)
FNDA:2,(anonymous_3)
FNDA:4,(anonymous_4)
FNDA:3,(anonymous_5)
FNDA:2,(anonymous_6)
FNDA:1,(anonymous_7)
DA:2,1
DA:5,1
DA:8,5
DA:9,5
DA:12,5
DA:13,1
DA:23,4
DA:24,4
DA:25,1
DA:35,3
DA:36,1
DA:45,2
DA:47,1
DA:53,1
DA:65,3
DA:66,3
DA:69,3
DA:70,1
DA:79,2
DA:81,1
DA:87,1
DA:99,2
DA:100,2
DA:101,1
DA:110,1
DA:112,1
DA:117,0
DA:129,2
DA:130,2
DA:131,0
DA:140,2
DA:141,2
DA:142,2
DA:145,2
DA:146,4
DA:147,2
DA:151,2
DA:152,1
DA:161,1
DA:163,1
DA:169,0
DA:181,3
DA:182,3
DA:183,0
DA:192,3
DA:194,3
DA:195,1
DA:205,2
DA:206,1
DA:215,1
DA:217,1
DA:222,0
DA:234,2
DA:235,2
DA:236,0
DA:245,2
DA:247,2
DA:248,1
DA:257,1
DA:259,1
DA:264,0
DA:276,1
DA:277,1
DA:278,0
DA:287,1
DA:289,1
DA:290,0
DA:299,1
DA:301,1
DA:306,0
LF:70
LH:60
BRDA:12,0,0,1
BRDA:12,0,1,4
BRDA:12,1,0,5
BRDA:12,1,1,5
BRDA:12,1,2,4
BRDA:12,1,3,4
BRDA:24,2,0,1
BRDA:24,2,1,3
BRDA:35,3,0,1
BRDA:35,3,1,2
BRDA:69,4,0,1
BRDA:69,4,1,2
BRDA:69,5,0,3
BRDA:69,5,1,3
BRDA:100,6,0,1
BRDA:100,6,1,1
BRDA:130,7,0,0
BRDA:130,7,1,2
BRDA:146,8,0,2
BRDA:146,8,1,2
BRDA:151,9,0,1
BRDA:151,9,1,1
BRDA:182,10,0,0
BRDA:182,10,1,3
BRDA:194,11,0,1
BRDA:194,11,1,2
BRDA:194,12,0,3
BRDA:194,12,1,3
BRDA:205,13,0,1
BRDA:205,13,1,1
BRDA:235,14,0,0
BRDA:235,14,1,2
BRDA:247,15,0,1
BRDA:247,15,1,1
BRDA:277,16,0,0
BRDA:277,16,1,1
BRDA:289,17,0,0
BRDA:289,17,1,1
BRF:38
BRH:33
end_of_record
TN:
SF:src\middleware\auth.ts
FN:16,(anonymous_1)
FN:57,(anonymous_2)
FN:57,(anonymous_3)
FNF:3
FNH:0
FNDA:0,(anonymous_1)
FNDA:0,(anonymous_2)
FNDA:0,(anonymous_3)
DA:2,0
DA:3,0
DA:16,0
DA:17,0
DA:18,0
DA:20,0
DA:21,0
DA:28,0
DA:31,0
DA:32,0
DA:33,0
DA:34,0
DA:37,0
DA:38,0
DA:44,0
DA:46,0
DA:57,0
DA:58,0
DA:59,0
DA:66,0
DA:69,0
DA:71,0
DA:72,0
DA:79,0
DA:82,0
DA:86,0
DA:87,0
DA:88,0
DA:89,0
DA:90,0
LF:30
LH:0
BRDA:18,0,0,0
BRDA:18,0,1,0
BRDA:20,1,0,0
BRDA:20,1,1,0
BRDA:33,2,0,0
BRDA:33,2,1,0
BRDA:58,3,0,0
BRDA:58,3,1,0
BRDA:69,4,0,0
BRDA:69,4,1,0
BRDA:71,5,0,0
BRDA:71,5,1,0
BRF:12
BRH:0
end_of_record
TN:
SF:src\models\Doctor.ts
FNF:0
FNH:0
DA:1,2
DA:2,2
DA:3,2
DA:27,2
DA:69,2
DA:70,2
DA:72,2
LF:7
LH:7
BRF:0
BRH:0
end_of_record
TN:
SF:src\models\MedicalVisit.ts
FN:6,(anonymous_1)
FNF:1
FNH:1
FNDA:2,(anonymous_1)
DA:1,2
DA:2,2
DA:3,2
DA:4,2
DA:6,2
DA:7,2
DA:8,2
DA:9,2
DA:42,2
DA:103,2
DA:104,2
DA:106,2
DA:107,2
DA:109,2
LF:14
LH:14
BRDA:6,0,0,2
BRDA:6,0,1,2
BRF:2
BRH:2
end_of_record
TN:
SF:src\models\Patient.ts
FN:41,(anonymous_1)
FN:116,(anonymous_2)
FNF:2
FNH:0
FNDA:0,(anonymous_1)
FNDA:0,(anonymous_2)
DA:1,2
DA:2,2
DA:3,2
DA:42,0
DA:43,0
DA:44,0
DA:45,0
DA:46,0
DA:47,0
DA:51,2
DA:117,0
DA:118,0
DA:126,2
DA:127,2
DA:129,2
LF:15
LH:7
BRDA:117,0,0,0
BRDA:117,0,1,0
BRF:2
BRH:0
end_of_record
TN:
SF:src\models\PharmacyLog.ts
FN:6,(anonymous_1)
FNF:1
FNH:1
FNDA:2,(anonymous_1)
DA:1,2
DA:2,2
DA:3,2
DA:4,2
DA:6,2
DA:7,2
DA:8,2
DA:9,2
DA:34,2
DA:79,2
DA:80,2
DA:82,2
DA:83,2
DA:85,2
LF:14
LH:14
BRDA:6,0,0,2
BRDA:6,0,1,2
BRF:2
BRH:2
end_of_record
TN:
SF:src\models\Prescription.ts
FN:7,(anonymous_1)
FN:43,(anonymous_2)
FN:113,(anonymous_3)
FNF:3
FNH:1
FNDA:2,(anonymous_1)
FNDA:0,(anonymous_2)
FNDA:0,(anonymous_3)
DA:1,2
DA:2,2
DA:3,2
DA:4,2
DA:5,2
DA:7,2
DA:8,2
DA:9,2
DA:10,2
DA:44,0
DA:45,0
DA:46,0
DA:47,0
DA:48,0
DA:49,0
DA:53,2
DA:114,0
DA:115,0
DA:123,2
DA:124,2
DA:125,2
DA:127,2
DA:128,2
DA:129,2
DA:131,2
LF:25
LH:17
BRDA:7,0,0,2
BRDA:7,0,1,2
BRDA:114,1,0,0
BRDA:114,1,1,0
BRF:4
BRH:2
end_of_record
TN:
SF:src\models\PrescriptionItem.ts
FNF:0
FNH:0
DA:1,2
DA:2,2
DA:3,2
DA:29,2
DA:73,2
DA:74,2
DA:76,2
LF:7
LH:7
BRF:0
BRH:0
end_of_record
TN:
SF:src\models\QRCode.ts
FN:29,(anonymous_1)
FN:34,(anonymous_2)
FNF:2
FNH:0
FNDA:0,(anonymous_1)
FNDA:0,(anonymous_2)
DA:1,2
DA:2,2
DA:3,2
DA:30,0
DA:35,0
DA:36,0
DA:40,2
DA:87,2
DA:88,2
DA:90,2
LF:10
LH:7
BRF:0
BRH:0
end_of_record
TN:
SF:src\models\User.ts
FN:5,(anonymous_1)
FN:40,(anonymous_2)
FN:44,(anonymous_3)
FN:93,(anonymous_4)
FN:99,(anonymous_5)
FNF:5
FNH:3
FNDA:3,(anonymous_1)
FNDA:3,(anonymous_2)
FNDA:2,(anonymous_3)
FNDA:0,(anonymous_4)
FNDA:0,(anonymous_5)
DA:1,3
DA:2,3
DA:3,3
DA:5,3
DA:6,3
DA:7,3
DA:8,3
DA:9,3
DA:41,3
DA:45,2
DA:46,2
DA:50,3
DA:94,0
DA:95,0
DA:96,0
DA:100,0
DA:101,0
DA:102,0
DA:109,3
LF:19
LH:13
BRDA:5,0,0,3
BRDA:5,0,1,3
BRDA:95,1,0,0
BRDA:95,1,1,0
BRDA:101,2,0,0
BRDA:101,2,1,0
BRF:6
BRH:2
end_of_record
TN:
SF:src\models\index.ts
FN:24,(anonymous_1)
FN:25,(anonymous_2)
FN:26,(anonymous_3)
FN:27,(anonymous_4)
FNF:4
FNH:1
FNDA:7,(anonymous_1)
FNDA:0,(anonymous_2)
FNDA:0,(anonymous_3)
FNDA:0,(anonymous_4)
DA:2,2
DA:3,2
DA:4,2
DA:5,2
DA:6,2
DA:7,2
DA:8,2
DA:9,2
DA:13,2
DA:14,2
DA:15,2
DA:16,2
DA:17,2
DA:18,2
DA:19,2
DA:20,2
DA:24,9
DA:25,2
DA:26,2
DA:27,2
DA:30,2
LF:21
LH:21
BRF:0
BRH:0
end_of_record
TN:
SF:src\services\authService.ts
FN:31,(anonymous_1)
FN:64,(anonymous_2)
FN:98,(anonymous_3)
FN:117,(anonymous_4)
FN:135,(anonymous_5)
FN:155,(anonymous_6)
FN:174,(anonymous_7)
FN:185,(anonymous_8)
FNF:8
FNH:0
FNDA:0,(anonymous_1)
FNDA:0,(anonymous_2)
FNDA:0,(anonymous_3)
FNDA:0,(anonymous_4)
FNDA:0,(anonymous_5)
FNDA:0,(anonymous_6)
FNDA:0,(anonymous_7)
FNDA:0,(anonymous_8)
DA:2,1
DA:3,1
DA:29,1
DA:33,0
DA:34,0
DA:35,0
DA:39,0
DA:49,0
DA:51,0
DA:66,0
DA:67,0
DA:68,0
DA:72,0
DA:73,0
DA:77,0
DA:78,0
DA:79,0
DA:83,0
DA:85,0
DA:99,0
DA:100,0
DA:101,0
DA:104,0
DA:111,0
DA:113,0
DA:118,0
DA:119,0
DA:120,0
DA:123,0
DA:136,0
DA:137,0
DA:138,0
DA:141,0
DA:143,0
DA:156,0
DA:157,0
DA:158,0
DA:162,0
DA:163,0
DA:164,0
DA:168,0
DA:170,0
DA:175,0
DA:176,0
DA:177,0
DA:180,0
DA:181,0
DA:186,0
DA:187,0
DA:188,0
DA:191,0
DA:192,0
LF:52
LH:3
BRDA:34,0,0,0
BRDA:34,0,1,0
BRDA:67,1,0,0
BRDA:67,1,1,0
BRDA:72,2,0,0
BRDA:72,2,1,0
BRDA:78,3,0,0
BRDA:78,3,1,0
BRDA:100,4,0,0
BRDA:100,4,1,0
BRDA:111,5,0,0
BRDA:111,5,1,0
BRDA:119,6,0,0
BRDA:119,6,1,0
BRDA:137,7,0,0
BRDA:137,7,1,0
BRDA:157,8,0,0
BRDA:157,8,1,0
BRDA:163,9,0,0
BRDA:163,9,1,0
BRDA:176,10,0,0
BRDA:176,10,1,0
BRDA:187,11,0,0
BRDA:187,11,1,0
BRF:24
BRH:0
end_of_record
TN:
SF:src\tests\setup.ts
FN:12,(anonymous_0)
FN:16,(anonymous_1)
FN:28,(anonymous_2)
FN:29,(anonymous_3)
FN:61,(anonymous_4)
FN:79,(anonymous_5)
FN:99,(anonymous_6)
FN:119,(anonymous_7)
FN:144,(anonymous_8)
FN:145,(anonymous_9)
FN:175,(anonymous_10)
FN:193,(anonymous_11)
FN:216,(anonymous_12)
FN:217,(anonymous_13)
FN:245,(anonymous_14)
FN:264,(anonymous_15)
FN:265,(anonymous_16)
FN:303,(anonymous_17)
FN:325,(anonymous_18)
FN:326,(anonymous_19)
FN:355,(anonymous_20)
FN:377,(anonymous_21)
FN:400,(anonymous_22)
FN:401,(anonymous_23)
FN:421,(anonymous_24)
FN:441,(anonymous_25)
FN:442,(anonymous_26)
FNF:27
FNH:0
FNDA:0,(anonymous_0)
FNDA:0,(anonymous_1)
FNDA:0,(anonymous_2)
FNDA:0,(anonymous_3)
FNDA:0,(anonymous_4)
FNDA:0,(anonymous_5)
FNDA:0,(anonymous_6)
FNDA:0,(anonymous_7)
FNDA:0,(anonymous_8)
FNDA:0,(anonymous_9)
FNDA:0,(anonymous_10)
FNDA:0,(anonymous_11)
FNDA:0,(anonymous_12)
FNDA:0,(anonymous_13)
FNDA:0,(anonymous_14)
FNDA:0,(anonymous_15)
FNDA:0,(anonymous_16)
FNDA:0,(anonymous_17)
FNDA:0,(anonymous_18)
FNDA:0,(anonymous_19)
FNDA:0,(anonymous_20)
FNDA:0,(anonymous_21)
FNDA:0,(anonymous_22)
FNDA:0,(anonymous_23)
FNDA:0,(anonymous_24)
FNDA:0,(anonymous_25)
FNDA:0,(anonymous_26)
DA:2,0
DA:3,0
DA:4,0
DA:8,0
DA:10,0
DA:12,0
DA:16,0
DA:17,0
DA:21,0
DA:25,0
DA:28,0
DA:29,0
DA:30,0
DA:37,0
DA:47,0
DA:48,0
DA:50,0
DA:52,0
DA:53,0
DA:54,0
DA:61,0
DA:62,0
DA:67,0
DA:69,0
DA:70,0
DA:79,0
DA:80,0
DA:87,0
DA:89,0
DA:90,0
DA:99,0
DA:100,0
DA:107,0
DA:109,0
DA:110,0
DA:119,0
DA:120,0
DA:127,0
DA:131,0
DA:133,0
DA:134,0
DA:144,0
DA:145,0
DA:146,0
DA:151,0
DA:161,0
DA:162,0
DA:164,0
DA:166,0
DA:167,0
DA:168,0
DA:175,0
DA:176,0
DA:181,0
DA:183,0
DA:184,0
DA:193,0
DA:194,0
DA:199,0
DA:203,0
DA:205,0
DA:206,0
DA:216,0
DA:217,0
DA:219,0
DA:229,0
DA:230,0
DA:232,0
DA:237,0
DA:238,0
DA:239,0
DA:245,0
DA:246,0
DA:248,0
DA:253,0
DA:254,0
DA:264,0
DA:265,0
DA:266,0
DA:272,0
DA:282,0
DA:283,0
DA:284,0
DA:286,0
DA:291,0
DA:295,0
DA:296,0
DA:303,0
DA:304,0
DA:305,0
DA:309,0
DA:314,0
DA:315,0
DA:325,0
DA:326,0
DA:327,0
DA:332,0
DA:333,0
DA:334,0
DA:338,0
DA:343,0
DA:348,0
DA:349,0
DA:355,0
DA:356,0
DA:357,0
DA:362,0
DA:367,0
DA:368,0
DA:377,0
DA:378,0
DA:379,0
DA:384,0
DA:389,0
DA:390,0
DA:400,0
DA:401,0
DA:402,0
DA:403,0
DA:404,0
DA:408,0
DA:413,0
DA:414,0
DA:415,0
DA:421,0
DA:422,0
DA:423,0
DA:425,0
DA:430,0
DA:431,0
DA:441,0
DA:442,0
DA:443,0
DA:444,0
DA:445,0
DA:449,0
DA:454,0
DA:455,0
DA:456,0
LF:139
LH:0
BRF:0
BRH:0
end_of_record
